mode: set
github.com/hmcts/reply-urls-operator/controllers/ingress_controller.go:59.99,71.16 4 0
github.com/hmcts/reply-urls-operator/controllers/ingress_controller.go:84.2,86.43 2 0
github.com/hmcts/reply-urls-operator/controllers/ingress_controller.go:91.2,91.45 1 0
github.com/hmcts/reply-urls-operator/controllers/ingress_controller.go:95.2,96.16 2 0
github.com/hmcts/reply-urls-operator/controllers/ingress_controller.go:100.2,100.64 1 0
github.com/hmcts/reply-urls-operator/controllers/ingress_controller.go:109.2,112.57 3 0
github.com/hmcts/reply-urls-operator/controllers/ingress_controller.go:116.2,117.16 2 0
github.com/hmcts/reply-urls-operator/controllers/ingress_controller.go:121.2,121.20 1 0
github.com/hmcts/reply-urls-operator/controllers/ingress_controller.go:71.16,72.29 1 0
github.com/hmcts/reply-urls-operator/controllers/ingress_controller.go:72.29,74.18 2 0
github.com/hmcts/reply-urls-operator/controllers/ingress_controller.go:78.4,78.29 1 0
github.com/hmcts/reply-urls-operator/controllers/ingress_controller.go:74.18,76.5 1 0
github.com/hmcts/reply-urls-operator/controllers/ingress_controller.go:79.9,81.4 1 0
github.com/hmcts/reply-urls-operator/controllers/ingress_controller.go:86.43,88.3 1 0
github.com/hmcts/reply-urls-operator/controllers/ingress_controller.go:91.45,93.3 1 0
github.com/hmcts/reply-urls-operator/controllers/ingress_controller.go:96.16,98.3 1 0
github.com/hmcts/reply-urls-operator/controllers/ingress_controller.go:100.64,101.72 1 0
github.com/hmcts/reply-urls-operator/controllers/ingress_controller.go:101.72,104.4 1 0
github.com/hmcts/reply-urls-operator/controllers/ingress_controller.go:104.9,106.4 1 0
github.com/hmcts/reply-urls-operator/controllers/ingress_controller.go:112.57,114.3 1 0
github.com/hmcts/reply-urls-operator/controllers/ingress_controller.go:117.16,119.3 1 0
github.com/hmcts/reply-urls-operator/controllers/ingress_controller.go:125.70,129.135 2 0
github.com/hmcts/reply-urls-operator/controllers/ingress_controller.go:141.2,143.145 2 0
github.com/hmcts/reply-urls-operator/controllers/ingress_controller.go:155.2,157.14 1 0
github.com/hmcts/reply-urls-operator/controllers/ingress_controller.go:129.135,132.30 2 0
github.com/hmcts/reply-urls-operator/controllers/ingress_controller.go:135.3,135.37 1 0
github.com/hmcts/reply-urls-operator/controllers/ingress_controller.go:132.30,134.4 1 0
github.com/hmcts/reply-urls-operator/controllers/ingress_controller.go:137.17,139.3 1 0
github.com/hmcts/reply-urls-operator/controllers/ingress_controller.go:143.145,146.26 2 0
github.com/hmcts/reply-urls-operator/controllers/ingress_controller.go:149.3,149.33 1 0
github.com/hmcts/reply-urls-operator/controllers/ingress_controller.go:146.26,148.4 1 0
github.com/hmcts/reply-urls-operator/controllers/ingress_controller.go:151.17,153.3 1 0
github.com/hmcts/reply-urls-operator/controllers/ingress_controller.go:160.83,168.16 3 0
github.com/hmcts/reply-urls-operator/controllers/ingress_controller.go:176.2,176.51 1 0
github.com/hmcts/reply-urls-operator/controllers/ingress_controller.go:213.2,213.27 1 0
github.com/hmcts/reply-urls-operator/controllers/ingress_controller.go:168.16,170.3 1 0
github.com/hmcts/reply-urls-operator/controllers/ingress_controller.go:176.51,180.41 3 0
github.com/hmcts/reply-urls-operator/controllers/ingress_controller.go:186.3,187.17 2 0
github.com/hmcts/reply-urls-operator/controllers/ingress_controller.go:191.3,192.17 2 0
github.com/hmcts/reply-urls-operator/controllers/ingress_controller.go:196.3,201.17 3 0
github.com/hmcts/reply-urls-operator/controllers/ingress_controller.go:205.3,209.4 1 0
github.com/hmcts/reply-urls-operator/controllers/ingress_controller.go:180.41,185.4 1 0
github.com/hmcts/reply-urls-operator/controllers/ingress_controller.go:187.17,189.4 1 0
github.com/hmcts/reply-urls-operator/controllers/ingress_controller.go:192.17,194.4 1 0
github.com/hmcts/reply-urls-operator/controllers/ingress_controller.go:201.17,203.4 1 0
github.com/hmcts/reply-urls-operator/controllers/ingress_controller.go:216.130,218.29 2 0
github.com/hmcts/reply-urls-operator/controllers/ingress_controller.go:223.2,226.16 3 0
github.com/hmcts/reply-urls-operator/controllers/ingress_controller.go:229.2,229.33 1 0
github.com/hmcts/reply-urls-operator/controllers/ingress_controller.go:218.29,222.3 1 0
github.com/hmcts/reply-urls-operator/controllers/ingress_controller.go:226.16,228.3 1 0
